0 info it worked if it ends with ok
1 verbose cli [ '/usr/bin/node',
1 verbose cli   '/usr/bin/npm',
1 verbose cli   'install',
1 verbose cli   'terser-webpack-plugin',
1 verbose cli   '--save-dev' ]
2 info using npm@3.5.2
3 info using node@v8.10.0
4 silly loadCurrentTree Starting
5 silly install loadCurrentTree
6 silly install readLocalPackageData
7 silly fetchPackageMetaData terser-webpack-plugin
8 silly fetchNamedPackageData terser-webpack-plugin
9 silly mapToRegistry name terser-webpack-plugin
10 silly mapToRegistry using default registry
11 silly mapToRegistry registry https://registry.npmjs.org/
12 silly mapToRegistry uri https://registry.npmjs.org/terser-webpack-plugin
13 verbose request uri https://registry.npmjs.org/terser-webpack-plugin
14 verbose request no auth needed
15 info attempt registry request try #1 at 9:06:54 AM
16 verbose request id 693e17de19d432eb
17 verbose etag W/"0decbae7c77f2837d63078c1b626dfa2"
18 verbose lastModified Tue, 04 Aug 2020 15:14:39 GMT
19 http request GET https://registry.npmjs.org/terser-webpack-plugin
20 http 304 https://registry.npmjs.org/terser-webpack-plugin
21 verbose headers { date: 'Wed, 05 Aug 2020 16:06:54 GMT',
21 verbose headers   connection: 'keep-alive',
21 verbose headers   'set-cookie':
21 verbose headers    [ '__cfduid=d5bc105b7d80dcf81cb35e4f905c45ca91596643614; expires=Fri, 04-Sep-20 16:06:54 GMT; path=/; domain=.npmjs.org; HttpOnly; SameSite=Lax' ],
21 verbose headers   'cf-ray': '5be1c4a0eb6d0941-SEA',
21 verbose headers   age: '7019',
21 verbose headers   'cache-control': 'public, max-age=300',
21 verbose headers   etag: '"0decbae7c77f2837d63078c1b626dfa2"',
21 verbose headers   'last-modified': 'Tue, 04 Aug 2020 15:14:39 GMT',
21 verbose headers   vary: 'Accept-Encoding',
21 verbose headers   'cf-cache-status': 'HIT',
21 verbose headers   'cf-request-id': '0460f9388e0000094175064200000001',
21 verbose headers   'expect-ct': 'max-age=604800, report-uri="https://report-uri.cloudflare.com/cdn-cgi/beacon/expect-ct"',
21 verbose headers   server: 'cloudflare' }
22 silly get cb [ 304,
22 silly get   { date: 'Wed, 05 Aug 2020 16:06:54 GMT',
22 silly get     connection: 'keep-alive',
22 silly get     'set-cookie':
22 silly get      [ '__cfduid=d5bc105b7d80dcf81cb35e4f905c45ca91596643614; expires=Fri, 04-Sep-20 16:06:54 GMT; path=/; domain=.npmjs.org; HttpOnly; SameSite=Lax' ],
22 silly get     'cf-ray': '5be1c4a0eb6d0941-SEA',
22 silly get     age: '7019',
22 silly get     'cache-control': 'public, max-age=300',
22 silly get     etag: '"0decbae7c77f2837d63078c1b626dfa2"',
22 silly get     'last-modified': 'Tue, 04 Aug 2020 15:14:39 GMT',
22 silly get     vary: 'Accept-Encoding',
22 silly get     'cf-cache-status': 'HIT',
22 silly get     'cf-request-id': '0460f9388e0000094175064200000001',
22 silly get     'expect-ct': 'max-age=604800, report-uri="https://report-uri.cloudflare.com/cdn-cgi/beacon/expect-ct"',
22 silly get     server: 'cloudflare' } ]
23 verbose etag https://registry.npmjs.org/terser-webpack-plugin from cache
24 verbose get saving terser-webpack-plugin to /home/stephen/.npm/registry.npmjs.org/terser-webpack-plugin/.cache.json
25 silly install normalizeTree
26 silly loadCurrentTree Finishing
27 silly loadIdealTree Starting
28 silly install loadIdealTree
29 silly cloneCurrentTree Starting
30 silly install cloneCurrentTreeToIdealTree
31 silly cloneCurrentTree Finishing
32 silly loadShrinkwrap Starting
33 silly install loadShrinkwrap
34 silly loadShrinkwrap Finishing
35 silly loadAllDepsIntoIdealTree Starting
36 silly install loadAllDepsIntoIdealTree
37 silly resolveWithNewModule terser-webpack-plugin@4.0.0 checking installable status
38 silly cache add args [ 'terser-webpack-plugin', null ]
39 verbose cache add spec terser-webpack-plugin
40 silly cache add parsed spec Result {
40 silly cache add   raw: 'terser-webpack-plugin',
40 silly cache add   scope: null,
40 silly cache add   name: 'terser-webpack-plugin',
40 silly cache add   rawSpec: '',
40 silly cache add   spec: 'latest',
40 silly cache add   type: 'tag' }
41 silly addNamed terser-webpack-plugin@latest
42 verbose addNamed "latest" is being treated as a dist-tag for terser-webpack-plugin
43 info addNameTag [ 'terser-webpack-plugin', 'latest' ]
44 silly mapToRegistry name terser-webpack-plugin
45 silly mapToRegistry using default registry
46 silly mapToRegistry registry https://registry.npmjs.org/
47 silly mapToRegistry uri https://registry.npmjs.org/terser-webpack-plugin
48 verbose addNameTag registry:https://registry.npmjs.org/terser-webpack-plugin not in flight; fetching
49 verbose get https://registry.npmjs.org/terser-webpack-plugin not expired, no request
50 silly addNameTag next cb for terser-webpack-plugin with tag latest
51 silly addNamed terser-webpack-plugin@4.0.0
52 verbose addNamed "4.0.0" is a plain semver version for terser-webpack-plugin
53 silly mapToRegistry name terser-webpack-plugin
54 silly mapToRegistry using default registry
55 silly mapToRegistry registry https://registry.npmjs.org/
56 silly mapToRegistry uri https://registry.npmjs.org/terser-webpack-plugin
57 verbose addRemoteTarball https://registry.npmjs.org/terser-webpack-plugin/-/terser-webpack-plugin-4.0.0.tgz not in flight; adding
58 verbose addRemoteTarball [ 'https://registry.npmjs.org/terser-webpack-plugin/-/terser-webpack-plugin-4.0.0.tgz',
58 verbose addRemoteTarball   'd371fe78312c47d33452e465a1096db893613e78' ]
59 info retry fetch attempt 1 at 9:06:55 AM
60 info attempt registry request try #1 at 9:06:55 AM
61 http fetch GET https://registry.npmjs.org/terser-webpack-plugin/-/terser-webpack-plugin-4.0.0.tgz
62 http fetch 200 https://registry.npmjs.org/terser-webpack-plugin/-/terser-webpack-plugin-4.0.0.tgz
63 silly fetchAndShaCheck shasum d371fe78312c47d33452e465a1096db893613e78
64 verbose addTmpTarball /tmp/npm-17527-1a581e96/registry.npmjs.org/terser-webpack-plugin/-/terser-webpack-plugin-4.0.0.tgz not in flight; adding
65 verbose addTmpTarball already have metadata; skipping unpack for terser-webpack-plugin@4.0.0
66 silly cache afterAdd terser-webpack-plugin@4.0.0
67 verbose afterAdd /home/stephen/.npm/terser-webpack-plugin/4.0.0/package/package.json not in flight; writing
68 verbose afterAdd /home/stephen/.npm/terser-webpack-plugin/4.0.0/package/package.json written
69 silly fetchNamedPackageData cacache
70 silly mapToRegistry name cacache
71 silly mapToRegistry using default registry
72 silly mapToRegistry registry https://registry.npmjs.org/
73 silly mapToRegistry uri https://registry.npmjs.org/cacache
74 silly fetchNamedPackageData find-cache-dir
75 silly mapToRegistry name find-cache-dir
76 silly mapToRegistry using default registry
77 silly mapToRegistry registry https://registry.npmjs.org/
78 silly mapToRegistry uri https://registry.npmjs.org/find-cache-dir
79 silly fetchNamedPackageData jest-worker
80 silly mapToRegistry name jest-worker
81 silly mapToRegistry using default registry
82 silly mapToRegistry registry https://registry.npmjs.org/
83 silly mapToRegistry uri https://registry.npmjs.org/jest-worker
84 silly fetchNamedPackageData p-limit
85 silly mapToRegistry name p-limit
86 silly mapToRegistry using default registry
87 silly mapToRegistry registry https://registry.npmjs.org/
88 silly mapToRegistry uri https://registry.npmjs.org/p-limit
89 silly fetchNamedPackageData schema-utils
90 silly mapToRegistry name schema-utils
91 silly mapToRegistry using default registry
92 silly mapToRegistry registry https://registry.npmjs.org/
93 silly mapToRegistry uri https://registry.npmjs.org/schema-utils
94 silly fetchNamedPackageData serialize-javascript
95 silly mapToRegistry name serialize-javascript
96 silly mapToRegistry using default registry
97 silly mapToRegistry registry https://registry.npmjs.org/
98 silly mapToRegistry uri https://registry.npmjs.org/serialize-javascript
99 silly fetchNamedPackageData source-map
100 silly mapToRegistry name source-map
101 silly mapToRegistry using default registry
102 silly mapToRegistry registry https://registry.npmjs.org/
103 silly mapToRegistry uri https://registry.npmjs.org/source-map
104 silly fetchNamedPackageData terser
105 silly mapToRegistry name terser
106 silly mapToRegistry using default registry
107 silly mapToRegistry registry https://registry.npmjs.org/
108 silly mapToRegistry uri https://registry.npmjs.org/terser
109 verbose request uri https://registry.npmjs.org/jest-worker
110 verbose request no auth needed
111 info attempt registry request try #1 at 9:06:55 AM
112 http request GET https://registry.npmjs.org/jest-worker
113 verbose request uri https://registry.npmjs.org/p-limit
114 verbose request no auth needed
115 info attempt registry request try #1 at 9:06:55 AM
116 verbose etag W/"1190a1e6519b4a884a6c946feec7acf6"
117 verbose lastModified Sun, 12 Jul 2020 13:39:57 GMT
118 http request GET https://registry.npmjs.org/p-limit
119 verbose request uri https://registry.npmjs.org/cacache
120 verbose request no auth needed
121 info attempt registry request try #1 at 9:06:55 AM
122 verbose etag W/"1492133faea156ee34e90dae3c3e2674"
123 verbose lastModified Wed, 15 Jul 2020 22:09:12 GMT
124 http request GET https://registry.npmjs.org/cacache
125 verbose request uri https://registry.npmjs.org/find-cache-dir
126 verbose request no auth needed
127 info attempt registry request try #1 at 9:06:55 AM
128 verbose etag W/"0a5b065dfe979abe721149133d1eaae8"
129 verbose lastModified Mon, 09 Mar 2020 06:19:15 GMT
130 http request GET https://registry.npmjs.org/find-cache-dir
131 verbose request uri https://registry.npmjs.org/serialize-javascript
132 verbose request no auth needed
133 info attempt registry request try #1 at 9:06:55 AM
134 verbose etag W/"f5612bd7e4eb7bbe2629a6796a9af665"
135 verbose lastModified Thu, 30 Jul 2020 08:45:27 GMT
136 http request GET https://registry.npmjs.org/serialize-javascript
137 verbose request uri https://registry.npmjs.org/schema-utils
138 verbose request no auth needed
139 info attempt registry request try #1 at 9:06:55 AM
140 verbose etag W/"1a455735c4c628058691ea9ac0830340"
141 verbose lastModified Fri, 29 May 2020 14:10:04 GMT
142 http request GET https://registry.npmjs.org/schema-utils
143 verbose request uri https://registry.npmjs.org/source-map
144 verbose request no auth needed
145 info attempt registry request try #1 at 9:06:55 AM
146 verbose etag W/"f380b6bbc084bd03e7a2e02e30106841"
147 verbose lastModified Tue, 14 Jul 2020 19:56:24 GMT
148 http request GET https://registry.npmjs.org/source-map
149 verbose request uri https://registry.npmjs.org/terser
150 verbose request no auth needed
151 info attempt registry request try #1 at 9:06:55 AM
152 verbose etag W/"d094cc50a4907496d7606482c6861269"
153 verbose lastModified Sat, 01 Aug 2020 12:53:20 GMT
154 http request GET https://registry.npmjs.org/terser
155 http 200 https://registry.npmjs.org/jest-worker
156 verbose headers { date: 'Wed, 05 Aug 2020 16:06:55 GMT',
156 verbose headers   'content-type': 'application/json',
156 verbose headers   'transfer-encoding': 'chunked',
156 verbose headers   connection: 'keep-alive',
156 verbose headers   'set-cookie':
156 verbose headers    [ '__cfduid=d713e3a1c09c2f39b4557edd730c832711596643615; expires=Fri, 04-Sep-20 16:06:55 GMT; path=/; domain=.npmjs.org; HttpOnly; SameSite=Lax' ],
156 verbose headers   'cf-ray': '5be1c4a3dc400941-SEA',
156 verbose headers   age: '4593',
156 verbose headers   'cache-control': 'public, max-age=300',
156 verbose headers   etag: 'W/"16a54e40158d7909655012d1f13065f8"',
156 verbose headers   'last-modified': 'Thu, 30 Jul 2020 11:35:25 GMT',
156 verbose headers   vary: 'accept-encoding, accept',
156 verbose headers   'cf-cache-status': 'HIT',
156 verbose headers   'cf-request-id': '0460f93a630000094175088200000001',
156 verbose headers   'expect-ct': 'max-age=604800, report-uri="https://report-uri.cloudflare.com/cdn-cgi/beacon/expect-ct"',
156 verbose headers   server: 'cloudflare',
156 verbose headers   'content-encoding': 'gzip' }
157 silly get cb [ 200,
157 silly get   { date: 'Wed, 05 Aug 2020 16:06:55 GMT',
157 silly get     'content-type': 'application/json',
157 silly get     'transfer-encoding': 'chunked',
157 silly get     connection: 'keep-alive',
157 silly get     'set-cookie':
157 silly get      [ '__cfduid=d713e3a1c09c2f39b4557edd730c832711596643615; expires=Fri, 04-Sep-20 16:06:55 GMT; path=/; domain=.npmjs.org; HttpOnly; SameSite=Lax' ],
157 silly get     'cf-ray': '5be1c4a3dc400941-SEA',
157 silly get     age: '4593',
157 silly get     'cache-control': 'public, max-age=300',
157 silly get     etag: 'W/"16a54e40158d7909655012d1f13065f8"',
157 silly get     'last-modified': 'Thu, 30 Jul 2020 11:35:25 GMT',
157 silly get     vary: 'accept-encoding, accept',
157 silly get     'cf-cache-status': 'HIT',
157 silly get     'cf-request-id': '0460f93a630000094175088200000001',
157 silly get     'expect-ct': 'max-age=604800, report-uri="https://report-uri.cloudflare.com/cdn-cgi/beacon/expect-ct"',
157 silly get     server: 'cloudflare',
157 silly get     'content-encoding': 'gzip' } ]
158 verbose get saving jest-worker to /home/stephen/.npm/registry.npmjs.org/jest-worker/.cache.json
159 silly resolveWithNewModule jest-worker@26.2.1 checking installable status
160 silly cache add args [ 'jest-worker@^26.2.1', null ]
161 verbose cache add spec jest-worker@^26.2.1
162 silly cache add parsed spec Result {
162 silly cache add   raw: 'jest-worker@^26.2.1',
162 silly cache add   scope: null,
162 silly cache add   name: 'jest-worker',
162 silly cache add   rawSpec: '^26.2.1',
162 silly cache add   spec: '>=26.2.1 <27.0.0',
162 silly cache add   type: 'range' }
163 silly addNamed jest-worker@>=26.2.1 <27.0.0
164 verbose addNamed ">=26.2.1 <27.0.0" is a valid semver range for jest-worker
165 silly addNameRange { name: 'jest-worker',
165 silly addNameRange   range: '>=26.2.1 <27.0.0',
165 silly addNameRange   hasData: false }
166 silly mapToRegistry name jest-worker
167 silly mapToRegistry using default registry
168 silly mapToRegistry registry https://registry.npmjs.org/
169 silly mapToRegistry uri https://registry.npmjs.org/jest-worker
170 verbose addNameRange registry:https://registry.npmjs.org/jest-worker not in flight; fetching
171 verbose get https://registry.npmjs.org/jest-worker not expired, no request
172 silly addNameRange number 2 { name: 'jest-worker', range: '>=26.2.1 <27.0.0', hasData: true }
173 silly addNameRange versions [ 'jest-worker',
173 silly addNameRange   [ '0.0.0',
173 silly addNameRange     '21.3.0-beta.1',
173 silly addNameRange     '21.3.0-beta.2',
173 silly addNameRange     '21.3.0-beta.3',
173 silly addNameRange     '21.3.0-beta.4',
173 silly addNameRange     '21.2.1',
173 silly addNameRange     '21.3.0-beta.5',
173 silly addNameRange     '21.3.0-beta.6',
173 silly addNameRange     '21.3.0-beta.7',
173 silly addNameRange     '21.3.0-beta.8',
173 silly addNameRange     '21.3.0-beta.9',
173 silly addNameRange     '21.3.0-beta.10',
173 silly addNameRange     '21.3.0-beta.11',
173 silly addNameRange     '21.3.0-beta.12',
173 silly addNameRange     '21.3.0-beta.13',
173 silly addNameRange     '21.3.0-beta.14',
173 silly addNameRange     '21.3.0-beta.15',
173 silly addNameRange     '22.0.0',
173 silly addNameRange     '22.0.1',
173 silly addNameRange     '22.0.2',
173 silly addNameRange     '22.0.3',
173 silly addNameRange     '22.0.6',
173 silly addNameRange     '22.1.0',
173 silly addNameRange     '22.2.0',
173 silly addNameRange     '22.2.2',
173 silly addNameRange     '23.0.0-alpha.0',
173 silly addNameRange     '23.0.0-alpha.1',
173 silly addNameRange     '22.4.3',
173 silly addNameRange     '23.0.0-alpha.2',
173 silly addNameRange     '23.0.0-alpha.4',
173 silly addNameRange     '23.0.0-alpha.5',
173 silly addNameRange     '23.0.0-alpha.5r',
173 silly addNameRange     '23.0.0-alpha.6r',
173 silly addNameRange     '23.0.0-alpha.7',
173 silly addNameRange     '23.0.0-beta.0',
173 silly addNameRange     '23.0.0-beta.1',
173 silly addNameRange     '23.0.0-beta.2',
173 silly addNameRange     '23.0.0-alpha.3r',
173 silly addNameRange     '23.0.0-beta.3r',
173 silly addNameRange     '23.0.0-charlie.0',
173 silly addNameRange     '23.0.0-charlie.1',
173 silly addNameRange     '23.0.0-charlie.2',
173 silly addNameRange     '23.0.0-charlie.3',
173 silly addNameRange     '23.0.0-charlie.4',
173 silly addNameRange     '23.0.0',
173 silly addNameRange     '23.0.1',
173 silly addNameRange     '23.2.0',
173 silly addNameRange     '24.0.0-alpha.0',
173 silly addNameRange     '24.0.0-alpha.1',
173 silly addNameRange     '24.0.0-alpha.2',
173 silly addNameRange     '24.0.0-alpha.4',
173 silly addNameRange     '24.0.0-alpha.5',
173 silly addNameRange     '24.0.0-alpha.6',
173 silly addNameRange     '24.0.0-alpha.7',
173 silly addNameRange     '24.0.0-alpha.8',
173 silly addNameRange     '24.0.0-alpha.9',
173 silly addNameRange     '24.0.0-alpha.10',
173 silly addNameRange     '24.0.0-alpha.11',
173 silly addNameRange     '24.0.0-alpha.12',
173 silly addNameRange     '24.0.0-alpha.13',
173 silly addNameRange     '24.0.0-alpha.14',
173 silly addNameRange     '24.0.0-alpha.15',
173 silly addNameRange     '24.0.0-alpha.16',
173 silly addNameRange     '24.0.0',
173 silly addNameRange     '24.2.0-alpha.0',
173 silly addNameRange     '24.3.0',
173 silly addNameRange     '24.3.1',
173 silly addNameRange     '24.4.0',
173 silly addNameRange     '24.6.0',
173 silly addNameRange     '24.9.0',
173 silly addNameRange     '25.0.0',
173 silly addNameRange     '25.1.0',
173 silly addNameRange     '25.2.0-alpha.86',
173 silly addNameRange     '25.2.0',
173 silly addNameRange     '25.2.1-alpha.1',
173 silly addNameRange     '25.2.1-alpha.2',
173 silly addNameRange     '25.2.1',
173 silly addNameRange     '25.2.6',
173 silly addNameRange     '25.4.0',
173 silly addNameRange     '25.5.0',
173 silly addNameRange     '26.0.0-alpha.0',
173 silly addNameRange     '26.0.0',
173 silly addNameRange     '26.1.0',
173 silly addNameRange     '26.2.0',
173 silly addNameRange     '26.2.1' ] ]
174 silly addNamed jest-worker@26.2.1
175 verbose addNamed "26.2.1" is a plain semver version for jest-worker
176 silly mapToRegistry name jest-worker
177 silly mapToRegistry using default registry
178 silly mapToRegistry registry https://registry.npmjs.org/
179 silly mapToRegistry uri https://registry.npmjs.org/jest-worker
180 verbose addRemoteTarball https://registry.npmjs.org/jest-worker/-/jest-worker-26.2.1.tgz not in flight; adding
181 verbose addRemoteTarball [ 'https://registry.npmjs.org/jest-worker/-/jest-worker-26.2.1.tgz',
181 verbose addRemoteTarball   '5d630ab93f666b53f911615bc13e662b382bd513' ]
182 info retry fetch attempt 1 at 9:06:55 AM
183 info attempt registry request try #1 at 9:06:55 AM
184 http fetch GET https://registry.npmjs.org/jest-worker/-/jest-worker-26.2.1.tgz
185 http 304 https://registry.npmjs.org/cacache
186 verbose headers { date: 'Wed, 05 Aug 2020 16:06:55 GMT',
186 verbose headers   connection: 'keep-alive',
186 verbose headers   'set-cookie':
186 verbose headers    [ '__cfduid=d214883b16a62a46f78281329d4a745231596643615; expires=Fri, 04-Sep-20 16:06:55 GMT; path=/; domain=.npmjs.org; HttpOnly; SameSite=Lax' ],
186 verbose headers   'cf-ray': '5be1c4a43dfb02ac-SEA',
186 verbose headers   age: '3823',
186 verbose headers   'cache-control': 'public, max-age=300',
186 verbose headers   etag: '"1492133faea156ee34e90dae3c3e2674"',
186 verbose headers   'last-modified': 'Wed, 15 Jul 2020 22:09:12 GMT',
186 verbose headers   vary: 'Accept-Encoding',
186 verbose headers   'cf-cache-status': 'HIT',
186 verbose headers   'cf-request-id': '0460f93aa6000002ac950a6200000001',
186 verbose headers   'expect-ct': 'max-age=604800, report-uri="https://report-uri.cloudflare.com/cdn-cgi/beacon/expect-ct"',
186 verbose headers   server: 'cloudflare' }
187 silly get cb [ 304,
187 silly get   { date: 'Wed, 05 Aug 2020 16:06:55 GMT',
187 silly get     connection: 'keep-alive',
187 silly get     'set-cookie':
187 silly get      [ '__cfduid=d214883b16a62a46f78281329d4a745231596643615; expires=Fri, 04-Sep-20 16:06:55 GMT; path=/; domain=.npmjs.org; HttpOnly; SameSite=Lax' ],
187 silly get     'cf-ray': '5be1c4a43dfb02ac-SEA',
187 silly get     age: '3823',
187 silly get     'cache-control': 'public, max-age=300',
187 silly get     etag: '"1492133faea156ee34e90dae3c3e2674"',
187 silly get     'last-modified': 'Wed, 15 Jul 2020 22:09:12 GMT',
187 silly get     vary: 'Accept-Encoding',
187 silly get     'cf-cache-status': 'HIT',
187 silly get     'cf-request-id': '0460f93aa6000002ac950a6200000001',
187 silly get     'expect-ct': 'max-age=604800, report-uri="https://report-uri.cloudflare.com/cdn-cgi/beacon/expect-ct"',
187 silly get     server: 'cloudflare' } ]
188 verbose etag https://registry.npmjs.org/cacache from cache
189 verbose get saving cacache to /home/stephen/.npm/registry.npmjs.org/cacache/.cache.json
190 http 304 https://registry.npmjs.org/find-cache-dir
191 verbose headers { date: 'Wed, 05 Aug 2020 16:06:55 GMT',
191 verbose headers   connection: 'keep-alive',
191 verbose headers   'set-cookie':
191 verbose headers    [ '__cfduid=d6fe38399c84fd9181b4cd37e86ca5f051596643615; expires=Fri, 04-Sep-20 16:06:55 GMT; path=/; domain=.npmjs.org; HttpOnly; SameSite=Lax' ],
191 verbose headers   'cf-ray': '5be1c4a43917bc84-SEA',
191 verbose headers   age: '4295',
191 verbose headers   'cache-control': 'public, max-age=300',
191 verbose headers   etag: '"0a5b065dfe979abe721149133d1eaae8"',
191 verbose headers   'last-modified': 'Mon, 09 Mar 2020 06:19:15 GMT',
191 verbose headers   vary: 'Accept-Encoding',
191 verbose headers   'cf-cache-status': 'HIT',
191 verbose headers   'cf-request-id': '0460f93aa50000bc84c6318200000001',
191 verbose headers   'expect-ct': 'max-age=604800, report-uri="https://report-uri.cloudflare.com/cdn-cgi/beacon/expect-ct"',
191 verbose headers   server: 'cloudflare' }
192 silly get cb [ 304,
192 silly get   { date: 'Wed, 05 Aug 2020 16:06:55 GMT',
192 silly get     connection: 'keep-alive',
192 silly get     'set-cookie':
192 silly get      [ '__cfduid=d6fe38399c84fd9181b4cd37e86ca5f051596643615; expires=Fri, 04-Sep-20 16:06:55 GMT; path=/; domain=.npmjs.org; HttpOnly; SameSite=Lax' ],
192 silly get     'cf-ray': '5be1c4a43917bc84-SEA',
192 silly get     age: '4295',
192 silly get     'cache-control': 'public, max-age=300',
192 silly get     etag: '"0a5b065dfe979abe721149133d1eaae8"',
192 silly get     'last-modified': 'Mon, 09 Mar 2020 06:19:15 GMT',
192 silly get     vary: 'Accept-Encoding',
192 silly get     'cf-cache-status': 'HIT',
192 silly get     'cf-request-id': '0460f93aa50000bc84c6318200000001',
192 silly get     'expect-ct': 'max-age=604800, report-uri="https://report-uri.cloudflare.com/cdn-cgi/beacon/expect-ct"',
192 silly get     server: 'cloudflare' } ]
193 verbose etag https://registry.npmjs.org/find-cache-dir from cache
194 verbose get saving find-cache-dir to /home/stephen/.npm/registry.npmjs.org/find-cache-dir/.cache.json
195 http 304 https://registry.npmjs.org/p-limit
196 verbose headers { date: 'Wed, 05 Aug 2020 16:06:55 GMT',
196 verbose headers   connection: 'keep-alive',
196 verbose headers   'set-cookie':
196 verbose headers    [ '__cfduid=d4da6e58a99abe2821226b564c6f2f25e1596643615; expires=Fri, 04-Sep-20 16:06:55 GMT; path=/; domain=.npmjs.org; HttpOnly; SameSite=Lax' ],
196 verbose headers   'cf-ray': '5be1c4a438da02c0-SEA',
196 verbose headers   age: '5245',
196 verbose headers   'cache-control': 'public, max-age=300',
196 verbose headers   etag: '"1190a1e6519b4a884a6c946feec7acf6"',
196 verbose headers   'last-modified': 'Sun, 12 Jul 2020 13:39:57 GMT',
196 verbose headers   vary: 'Accept-Encoding',
196 verbose headers   'cf-cache-status': 'HIT',
196 verbose headers   'cf-request-id': '0460f93aa5000002c023922200000001',
196 verbose headers   'expect-ct': 'max-age=604800, report-uri="https://report-uri.cloudflare.com/cdn-cgi/beacon/expect-ct"',
196 verbose headers   server: 'cloudflare' }
197 silly get cb [ 304,
197 silly get   { date: 'Wed, 05 Aug 2020 16:06:55 GMT',
197 silly get     connection: 'keep-alive',
197 silly get     'set-cookie':
197 silly get      [ '__cfduid=d4da6e58a99abe2821226b564c6f2f25e1596643615; expires=Fri, 04-Sep-20 16:06:55 GMT; path=/; domain=.npmjs.org; HttpOnly; SameSite=Lax' ],
197 silly get     'cf-ray': '5be1c4a438da02c0-SEA',
197 silly get     age: '5245',
197 silly get     'cache-control': 'public, max-age=300',
197 silly get     etag: '"1190a1e6519b4a884a6c946feec7acf6"',
197 silly get     'last-modified': 'Sun, 12 Jul 2020 13:39:57 GMT',
197 silly get     vary: 'Accept-Encoding',
197 silly get     'cf-cache-status': 'HIT',
197 silly get     'cf-request-id': '0460f93aa5000002c023922200000001',
197 silly get     'expect-ct': 'max-age=604800, report-uri="https://report-uri.cloudflare.com/cdn-cgi/beacon/expect-ct"',
197 silly get     server: 'cloudflare' } ]
198 verbose etag https://registry.npmjs.org/p-limit from cache
199 verbose get saving p-limit to /home/stephen/.npm/registry.npmjs.org/p-limit/.cache.json
200 silly resolveWithNewModule cacache@15.0.5 checking installable status
201 silly cache add args [ 'cacache@^15.0.5', null ]
202 verbose cache add spec cacache@^15.0.5
203 silly cache add parsed spec Result {
203 silly cache add   raw: 'cacache@^15.0.5',
203 silly cache add   scope: null,
203 silly cache add   name: 'cacache',
203 silly cache add   rawSpec: '^15.0.5',
203 silly cache add   spec: '>=15.0.5 <16.0.0',
203 silly cache add   type: 'range' }
204 silly addNamed cacache@>=15.0.5 <16.0.0
205 verbose addNamed ">=15.0.5 <16.0.0" is a valid semver range for cacache
206 silly addNameRange { name: 'cacache', range: '>=15.0.5 <16.0.0', hasData: false }
207 silly mapToRegistry name cacache
208 silly mapToRegistry using default registry
209 silly mapToRegistry registry https://registry.npmjs.org/
210 silly mapToRegistry uri https://registry.npmjs.org/cacache
211 verbose addNameRange registry:https://registry.npmjs.org/cacache not in flight; fetching
212 http 304 https://registry.npmjs.org/schema-utils
213 verbose headers { date: 'Wed, 05 Aug 2020 16:06:55 GMT',
213 verbose headers   connection: 'keep-alive',
213 verbose headers   'set-cookie':
213 verbose headers    [ '__cfduid=da84b1ee03e5c059b8865076bc42d920e1596643615; expires=Fri, 04-Sep-20 16:06:55 GMT; path=/; domain=.npmjs.org; HttpOnly; SameSite=Lax' ],
213 verbose headers   'cf-ray': '5be1c4a44d450909-SEA',
213 verbose headers   age: '3707',
213 verbose headers   'cache-control': 'public, max-age=300',
213 verbose headers   etag: '"1a455735c4c628058691ea9ac0830340"',
213 verbose headers   'last-modified': 'Fri, 29 May 2020 14:10:04 GMT',
213 verbose headers   vary: 'Accept-Encoding',
213 verbose headers   'cf-cache-status': 'HIT',
213 verbose headers   'cf-request-id': '0460f93aa900000909ac90b200000001',
213 verbose headers   'expect-ct': 'max-age=604800, report-uri="https://report-uri.cloudflare.com/cdn-cgi/beacon/expect-ct"',
213 verbose headers   server: 'cloudflare' }
214 silly get cb [ 304,
214 silly get   { date: 'Wed, 05 Aug 2020 16:06:55 GMT',
214 silly get     connection: 'keep-alive',
214 silly get     'set-cookie':
214 silly get      [ '__cfduid=da84b1ee03e5c059b8865076bc42d920e1596643615; expires=Fri, 04-Sep-20 16:06:55 GMT; path=/; domain=.npmjs.org; HttpOnly; SameSite=Lax' ],
214 silly get     'cf-ray': '5be1c4a44d450909-SEA',
214 silly get     age: '3707',
214 silly get     'cache-control': 'public, max-age=300',
214 silly get     etag: '"1a455735c4c628058691ea9ac0830340"',
214 silly get     'last-modified': 'Fri, 29 May 2020 14:10:04 GMT',
214 silly get     vary: 'Accept-Encoding',
214 silly get     'cf-cache-status': 'HIT',
214 silly get     'cf-request-id': '0460f93aa900000909ac90b200000001',
214 silly get     'expect-ct': 'max-age=604800, report-uri="https://report-uri.cloudflare.com/cdn-cgi/beacon/expect-ct"',
214 silly get     server: 'cloudflare' } ]
215 verbose etag https://registry.npmjs.org/schema-utils from cache
216 verbose get saving schema-utils to /home/stephen/.npm/registry.npmjs.org/schema-utils/.cache.json
217 http fetch 200 https://registry.npmjs.org/jest-worker/-/jest-worker-26.2.1.tgz
218 http 304 https://registry.npmjs.org/serialize-javascript
219 verbose headers { date: 'Wed, 05 Aug 2020 16:06:55 GMT',
219 verbose headers   connection: 'keep-alive',
219 verbose headers   'set-cookie':
219 verbose headers    [ '__cfduid=d03029cf6d00bf36ad494ea64554923321596643615; expires=Fri, 04-Sep-20 16:06:55 GMT; path=/; domain=.npmjs.org; HttpOnly; SameSite=Lax' ],
219 verbose headers   'cf-ray': '5be1c4a44de413ae-SEA',
219 verbose headers   age: '4000',
219 verbose headers   'cache-control': 'public, max-age=300',
219 verbose headers   etag: '"f5612bd7e4eb7bbe2629a6796a9af665"',
219 verbose headers   'last-modified': 'Thu, 30 Jul 2020 08:45:27 GMT',
219 verbose headers   vary: 'Accept-Encoding',
219 verbose headers   'cf-cache-status': 'HIT',
219 verbose headers   'cf-request-id': '0460f93aaa000013aead3f7200000001',
219 verbose headers   'expect-ct': 'max-age=604800, report-uri="https://report-uri.cloudflare.com/cdn-cgi/beacon/expect-ct"',
219 verbose headers   server: 'cloudflare' }
220 silly get cb [ 304,
220 silly get   { date: 'Wed, 05 Aug 2020 16:06:55 GMT',
220 silly get     connection: 'keep-alive',
220 silly get     'set-cookie':
220 silly get      [ '__cfduid=d03029cf6d00bf36ad494ea64554923321596643615; expires=Fri, 04-Sep-20 16:06:55 GMT; path=/; domain=.npmjs.org; HttpOnly; SameSite=Lax' ],
220 silly get     'cf-ray': '5be1c4a44de413ae-SEA',
220 silly get     age: '4000',
220 silly get     'cache-control': 'public, max-age=300',
220 silly get     etag: '"f5612bd7e4eb7bbe2629a6796a9af665"',
220 silly get     'last-modified': 'Thu, 30 Jul 2020 08:45:27 GMT',
220 silly get     vary: 'Accept-Encoding',
220 silly get     'cf-cache-status': 'HIT',
220 silly get     'cf-request-id': '0460f93aaa000013aead3f7200000001',
220 silly get     'expect-ct': 'max-age=604800, report-uri="https://report-uri.cloudflare.com/cdn-cgi/beacon/expect-ct"',
220 silly get     server: 'cloudflare' } ]
221 verbose etag https://registry.npmjs.org/serialize-javascript from cache
222 verbose get saving serialize-javascript to /home/stephen/.npm/registry.npmjs.org/serialize-javascript/.cache.json
223 verbose get https://registry.npmjs.org/cacache not expired, no request
224 silly addNameRange number 2 { name: 'cacache', range: '>=15.0.5 <16.0.0', hasData: true }
225 silly addNameRange versions [ 'cacache',
225 silly addNameRange   [ '1.0.0',
225 silly addNameRange     '2.0.0',
225 silly addNameRange     '3.0.0',
225 silly addNameRange     '3.0.1',
225 silly addNameRange     '4.0.0',
225 silly addNameRange     '5.0.0',
225 silly addNameRange     '5.0.1',
225 silly addNameRange     '5.0.2',
225 silly addNameRange     '5.0.3',
225 silly addNameRange     '6.0.0',
225 silly addNameRange     '6.0.1',
225 silly addNameRange     '6.0.2',
225 silly addNameRange     '6.1.0',
225 silly addNameRange     '6.1.1',
225 silly addNameRange     '6.1.2',
225 silly addNameRange     '6.2.0',
225 silly addNameRange     '6.3.0',
225 silly addNameRange     '7.0.0',
225 silly addNameRange     '7.0.1',
225 silly addNameRange     '7.0.2',
225 silly addNameRange     '7.0.3',
225 silly addNameRange     '7.0.4',
225 silly addNameRange     '7.0.5',
225 silly addNameRange     '7.1.0',
225 silly addNameRange     '8.0.0',
225 silly addNameRange     '9.0.0',
225 silly addNameRange     '9.1.0',
225 silly addNameRange     '9.2.0',
225 silly addNameRange     '9.2.1',
225 silly addNameRange     '9.2.2',
225 silly addNameRange     '9.2.3',
225 silly addNameRange     '9.2.4',
225 silly addNameRange     '9.2.5',
225 silly addNameRange     '9.2.6',
225 silly addNameRange     '9.2.7',
225 silly addNameRange     '9.2.8',
225 silly addNameRange     '9.2.9',
225 silly addNameRange     '9.3.0',
225 silly addNameRange     '10.0.0',
225 silly addNameRange     '10.0.1',
225 silly addNameRange     '10.0.2',
225 silly addNameRange     '10.0.3',
225 silly addNameRange     '10.0.4',
225 silly addNameRange     '11.0.0',
225 silly addNameRange     '11.0.1',
225 silly addNameRange     '11.0.2',
225 silly addNameRange     '11.0.3',
225 silly addNameRange     '11.1.0',
225 silly addNameRange     '11.2.0',
225 silly addNameRange     '11.3.0',
225 silly addNameRange     '11.3.1',
225 silly addNameRange     '11.3.2',
225 silly addNameRange     '11.3.3',
225 silly addNameRange     '12.0.0',
225 silly addNameRange     '12.0.1',
225 silly addNameRange     '12.0.2',
225 silly addNameRange     '12.0.3',
225 silly addNameRange     '13.0.0',
225 silly addNameRange     '13.0.1',
225 silly addNameRange     '14.0.0',
225 silly addNameRange     '15.0.0',
225 silly addNameRange     '12.0.4',
225 silly addNameRange     '15.0.1',
225 silly addNameRange     '15.0.2',
225 silly addNameRange     '15.0.3',
225 silly addNameRange     '15.0.4',
225 silly addNameRange     '15.0.5' ] ]
226 silly addNamed cacache@15.0.5
227 verbose addNamed "15.0.5" is a plain semver version for cacache
228 silly fetchAndShaCheck shasum 5d630ab93f666b53f911615bc13e662b382bd513
229 silly resolveWithNewModule find-cache-dir@3.3.1 checking installable status
230 silly cache add args [ 'find-cache-dir@^3.3.1', null ]
231 verbose cache add spec find-cache-dir@^3.3.1
232 silly cache add parsed spec Result {
232 silly cache add   raw: 'find-cache-dir@^3.3.1',
232 silly cache add   scope: null,
232 silly cache add   name: 'find-cache-dir',
232 silly cache add   rawSpec: '^3.3.1',
232 silly cache add   spec: '>=3.3.1 <4.0.0',
232 silly cache add   type: 'range' }
233 silly addNamed find-cache-dir@>=3.3.1 <4.0.0
234 verbose addNamed ">=3.3.1 <4.0.0" is a valid semver range for find-cache-dir
235 silly addNameRange { name: 'find-cache-dir',
235 silly addNameRange   range: '>=3.3.1 <4.0.0',
235 silly addNameRange   hasData: false }
236 silly mapToRegistry name find-cache-dir
237 silly mapToRegistry using default registry
238 silly mapToRegistry registry https://registry.npmjs.org/
239 silly mapToRegistry uri https://registry.npmjs.org/find-cache-dir
240 verbose addNameRange registry:https://registry.npmjs.org/find-cache-dir not in flight; fetching
241 silly resolveWithNewModule p-limit@3.0.2 checking installable status
242 silly cache add args [ 'p-limit@^3.0.2', null ]
243 verbose cache add spec p-limit@^3.0.2
244 silly cache add parsed spec Result {
244 silly cache add   raw: 'p-limit@^3.0.2',
244 silly cache add   scope: null,
244 silly cache add   name: 'p-limit',
244 silly cache add   rawSpec: '^3.0.2',
244 silly cache add   spec: '>=3.0.2 <4.0.0',
244 silly cache add   type: 'range' }
245 silly addNamed p-limit@>=3.0.2 <4.0.0
246 verbose addNamed ">=3.0.2 <4.0.0" is a valid semver range for p-limit
247 silly addNameRange { name: 'p-limit', range: '>=3.0.2 <4.0.0', hasData: false }
248 silly mapToRegistry name p-limit
249 silly mapToRegistry using default registry
250 silly mapToRegistry registry https://registry.npmjs.org/
251 silly mapToRegistry uri https://registry.npmjs.org/p-limit
252 verbose addNameRange registry:https://registry.npmjs.org/p-limit not in flight; fetching
253 silly mapToRegistry name cacache
254 silly mapToRegistry using default registry
255 silly mapToRegistry registry https://registry.npmjs.org/
256 silly mapToRegistry uri https://registry.npmjs.org/cacache
257 verbose addRemoteTarball https://registry.npmjs.org/cacache/-/cacache-15.0.5.tgz not in flight; adding
258 verbose addRemoteTarball [ 'https://registry.npmjs.org/cacache/-/cacache-15.0.5.tgz',
258 verbose addRemoteTarball   '69162833da29170d6732334643c60e005f5f17d0' ]
259 verbose addTmpTarball /tmp/npm-17527-1a581e96/registry.npmjs.org/jest-worker/-/jest-worker-26.2.1.tgz not in flight; adding
260 verbose addTmpTarball already have metadata; skipping unpack for jest-worker@26.2.1
261 silly resolveWithNewModule schema-utils@2.7.0 checking installable status
262 silly cache add args [ 'schema-utils@^2.6.6', null ]
263 verbose cache add spec schema-utils@^2.6.6
264 silly cache add parsed spec Result {
264 silly cache add   raw: 'schema-utils@^2.6.6',
264 silly cache add   scope: null,
264 silly cache add   name: 'schema-utils',
264 silly cache add   rawSpec: '^2.6.6',
264 silly cache add   spec: '>=2.6.6 <3.0.0',
264 silly cache add   type: 'range' }
265 silly addNamed schema-utils@>=2.6.6 <3.0.0
266 verbose addNamed ">=2.6.6 <3.0.0" is a valid semver range for schema-utils
267 silly addNameRange { name: 'schema-utils', range: '>=2.6.6 <3.0.0', hasData: false }
268 silly mapToRegistry name schema-utils
269 silly mapToRegistry using default registry
270 silly mapToRegistry registry https://registry.npmjs.org/
271 silly mapToRegistry uri https://registry.npmjs.org/schema-utils
272 verbose addNameRange registry:https://registry.npmjs.org/schema-utils not in flight; fetching
273 info retry fetch attempt 1 at 9:06:55 AM
274 info attempt registry request try #1 at 9:06:55 AM
275 http fetch GET https://registry.npmjs.org/cacache/-/cacache-15.0.5.tgz
276 http 304 https://registry.npmjs.org/source-map
277 verbose headers { date: 'Wed, 05 Aug 2020 16:06:55 GMT',
277 verbose headers   connection: 'keep-alive',
277 verbose headers   'set-cookie':
277 verbose headers    [ '__cfduid=db1a9a480339ca8f501a602c771873f7a1596643615; expires=Fri, 04-Sep-20 16:06:55 GMT; path=/; domain=.npmjs.org; HttpOnly; SameSite=Lax' ],
277 verbose headers   'cf-ray': '5be1c4a45ed102a2-SEA',
277 verbose headers   age: '221',
277 verbose headers   'cache-control': 'public, max-age=300',
277 verbose headers   etag: '"f380b6bbc084bd03e7a2e02e30106841"',
277 verbose headers   'last-modified': 'Tue, 14 Jul 2020 19:56:24 GMT',
277 verbose headers   vary: 'Accept-Encoding',
277 verbose headers   'cf-cache-status': 'HIT',
277 verbose headers   'cf-request-id': '0460f93ab9000002a2b6986200000001',
277 verbose headers   'expect-ct': 'max-age=604800, report-uri="https://report-uri.cloudflare.com/cdn-cgi/beacon/expect-ct"',
277 verbose headers   server: 'cloudflare' }
278 silly get cb [ 304,
278 silly get   { date: 'Wed, 05 Aug 2020 16:06:55 GMT',
278 silly get     connection: 'keep-alive',
278 silly get     'set-cookie':
278 silly get      [ '__cfduid=db1a9a480339ca8f501a602c771873f7a1596643615; expires=Fri, 04-Sep-20 16:06:55 GMT; path=/; domain=.npmjs.org; HttpOnly; SameSite=Lax' ],
278 silly get     'cf-ray': '5be1c4a45ed102a2-SEA',
278 silly get     age: '221',
278 silly get     'cache-control': 'public, max-age=300',
278 silly get     etag: '"f380b6bbc084bd03e7a2e02e30106841"',
278 silly get     'last-modified': 'Tue, 14 Jul 2020 19:56:24 GMT',
278 silly get     vary: 'Accept-Encoding',
278 silly get     'cf-cache-status': 'HIT',
278 silly get     'cf-request-id': '0460f93ab9000002a2b6986200000001',
278 silly get     'expect-ct': 'max-age=604800, report-uri="https://report-uri.cloudflare.com/cdn-cgi/beacon/expect-ct"',
278 silly get     server: 'cloudflare' } ]
279 verbose etag https://registry.npmjs.org/source-map from cache
280 verbose get saving source-map to /home/stephen/.npm/registry.npmjs.org/source-map/.cache.json
281 silly resolveWithNewModule serialize-javascript@4.0.0 checking installable status
282 silly cache add args [ 'serialize-javascript@^4.0.0', null ]
283 verbose cache add spec serialize-javascript@^4.0.0
284 silly cache add parsed spec Result {
284 silly cache add   raw: 'serialize-javascript@^4.0.0',
284 silly cache add   scope: null,
284 silly cache add   name: 'serialize-javascript',
284 silly cache add   rawSpec: '^4.0.0',
284 silly cache add   spec: '>=4.0.0 <5.0.0',
284 silly cache add   type: 'range' }
285 silly addNamed serialize-javascript@>=4.0.0 <5.0.0
286 verbose addNamed ">=4.0.0 <5.0.0" is a valid semver range for serialize-javascript
287 silly addNameRange { name: 'serialize-javascript',
287 silly addNameRange   range: '>=4.0.0 <5.0.0',
287 silly addNameRange   hasData: false }
288 silly mapToRegistry name serialize-javascript
289 silly mapToRegistry using default registry
290 silly mapToRegistry registry https://registry.npmjs.org/
291 silly mapToRegistry uri https://registry.npmjs.org/serialize-javascript
292 verbose addNameRange registry:https://registry.npmjs.org/serialize-javascript not in flight; fetching
293 verbose get https://registry.npmjs.org/find-cache-dir not expired, no request
294 silly addNameRange number 2 { name: 'find-cache-dir',
294 silly addNameRange   range: '>=3.3.1 <4.0.0',
294 silly addNameRange   hasData: true }
295 silly addNameRange versions [ 'find-cache-dir',
295 silly addNameRange   [ '0.1.0',
295 silly addNameRange     '0.1.1',
295 silly addNameRange     '1.0.0',
295 silly addNameRange     '2.0.0',
295 silly addNameRange     '2.1.0',
295 silly addNameRange     '3.0.0',
295 silly addNameRange     '3.1.0',
295 silly addNameRange     '3.2.0',
295 silly addNameRange     '3.3.0',
295 silly addNameRange     '3.3.1' ] ]
296 silly addNamed find-cache-dir@3.3.1
297 verbose addNamed "3.3.1" is a plain semver version for find-cache-dir
298 verbose get https://registry.npmjs.org/p-limit not expired, no request
299 silly addNameRange number 2 { name: 'p-limit', range: '>=3.0.2 <4.0.0', hasData: true }
300 silly addNameRange versions [ 'p-limit',
300 silly addNameRange   [ '1.0.0',
300 silly addNameRange     '1.1.0',
300 silly addNameRange     '1.2.0',
300 silly addNameRange     '1.3.0',
300 silly addNameRange     '2.0.0',
300 silly addNameRange     '2.1.0',
300 silly addNameRange     '2.2.0',
300 silly addNameRange     '2.2.1',
300 silly addNameRange     '2.2.2',
300 silly addNameRange     '2.3.0',
300 silly addNameRange     '3.0.0',
300 silly addNameRange     '3.0.1',
300 silly addNameRange     '3.0.2' ] ]
301 silly addNamed p-limit@3.0.2
302 verbose addNamed "3.0.2" is a plain semver version for p-limit
303 silly mapToRegistry name p-limit
304 silly mapToRegistry using default registry
305 silly mapToRegistry registry https://registry.npmjs.org/
306 silly mapToRegistry uri https://registry.npmjs.org/p-limit
307 verbose addRemoteTarball https://registry.npmjs.org/p-limit/-/p-limit-3.0.2.tgz not in flight; adding
308 verbose addRemoteTarball [ 'https://registry.npmjs.org/p-limit/-/p-limit-3.0.2.tgz',
308 verbose addRemoteTarball   '1664e010af3cadc681baafd3e2a437be7b0fb5fe' ]
309 http 304 https://registry.npmjs.org/terser
310 verbose headers { date: 'Wed, 05 Aug 2020 16:06:55 GMT',
310 verbose headers   connection: 'keep-alive',
310 verbose headers   'set-cookie':
310 verbose headers    [ '__cfduid=dd22e3a98ecc1925932caaf31193ad4eb1596643615; expires=Fri, 04-Sep-20 16:06:55 GMT; path=/; domain=.npmjs.org; HttpOnly; SameSite=Lax' ],
310 verbose headers   'cf-ray': '5be1c4a46ca30935-SEA',
310 verbose headers   age: '3785',
310 verbose headers   'cache-control': 'public, max-age=300',
310 verbose headers   etag: '"d094cc50a4907496d7606482c6861269"',
310 verbose headers   'last-modified': 'Sat, 01 Aug 2020 12:53:20 GMT',
310 verbose headers   vary: 'Accept-Encoding',
310 verbose headers   'cf-cache-status': 'HIT',
310 verbose headers   'cf-request-id': '0460f93abd00000935ce2ed200000001',
310 verbose headers   'expect-ct': 'max-age=604800, report-uri="https://report-uri.cloudflare.com/cdn-cgi/beacon/expect-ct"',
310 verbose headers   server: 'cloudflare' }
311 silly get cb [ 304,
311 silly get   { date: 'Wed, 05 Aug 2020 16:06:55 GMT',
311 silly get     connection: 'keep-alive',
311 silly get     'set-cookie':
311 silly get      [ '__cfduid=dd22e3a98ecc1925932caaf31193ad4eb1596643615; expires=Fri, 04-Sep-20 16:06:55 GMT; path=/; domain=.npmjs.org; HttpOnly; SameSite=Lax' ],
311 silly get     'cf-ray': '5be1c4a46ca30935-SEA',
311 silly get     age: '3785',
311 silly get     'cache-control': 'public, max-age=300',
311 silly get     etag: '"d094cc50a4907496d7606482c6861269"',
311 silly get     'last-modified': 'Sat, 01 Aug 2020 12:53:20 GMT',
311 silly get     vary: 'Accept-Encoding',
311 silly get     'cf-cache-status': 'HIT',
311 silly get     'cf-request-id': '0460f93abd00000935ce2ed200000001',
311 silly get     'expect-ct': 'max-age=604800, report-uri="https://report-uri.cloudflare.com/cdn-cgi/beacon/expect-ct"',
311 silly get     server: 'cloudflare' } ]
312 verbose etag https://registry.npmjs.org/terser from cache
313 verbose get saving terser to /home/stephen/.npm/registry.npmjs.org/terser/.cache.json
314 verbose get https://registry.npmjs.org/schema-utils not expired, no request
315 silly addNameRange number 2 { name: 'schema-utils', range: '>=2.6.6 <3.0.0', hasData: true }
316 silly addNameRange versions [ 'schema-utils',
316 silly addNameRange   [ '0.1.0',
316 silly addNameRange     '0.2.1',
316 silly addNameRange     '0.3.0',
316 silly addNameRange     '0.4.0',
316 silly addNameRange     '0.4.1',
316 silly addNameRange     '0.4.2',
316 silly addNameRange     '0.4.3',
316 silly addNameRange     '0.4.4',
316 silly addNameRange     '0.4.5',
316 silly addNameRange     '0.4.6',
316 silly addNameRange     '0.4.7',
316 silly addNameRange     '1.0.0',
316 silly addNameRange     '2.0.0',
316 silly addNameRange     '2.0.1',
316 silly addNameRange     '2.1.0',
316 silly addNameRange     '2.2.0',
316 silly addNameRange     '2.3.0',
316 silly addNameRange     '2.4.0',
316 silly addNameRange     '2.4.1',
316 silly addNameRange     '2.5.0',
316 silly addNameRange     '2.6.0',
316 silly addNameRange     '2.6.1',
316 silly addNameRange     '2.6.2',
316 silly addNameRange     '2.6.3',
316 silly addNameRange     '2.6.4',
316 silly addNameRange     '2.6.5',
316 silly addNameRange     '2.6.6',
316 silly addNameRange     '2.7.0' ] ]
317 silly addNamed schema-utils@2.7.0
318 verbose addNamed "2.7.0" is a plain semver version for schema-utils
319 info retry fetch attempt 1 at 9:06:55 AM
320 info attempt registry request try #1 at 9:06:55 AM
321 http fetch GET https://registry.npmjs.org/p-limit/-/p-limit-3.0.2.tgz
322 verbose get https://registry.npmjs.org/serialize-javascript not expired, no request
323 silly addNameRange number 2 { name: 'serialize-javascript',
323 silly addNameRange   range: '>=4.0.0 <5.0.0',
323 silly addNameRange   hasData: true }
324 silly addNameRange versions [ 'serialize-javascript',
324 silly addNameRange   [ '1.0.0',
324 silly addNameRange     '1.1.2',
324 silly addNameRange     '1.2.0',
324 silly addNameRange     '1.3.0',
324 silly addNameRange     '1.4.0',
324 silly addNameRange     '1.5.0',
324 silly addNameRange     '1.6.0',
324 silly addNameRange     '1.6.1',
324 silly addNameRange     '1.7.0',
324 silly addNameRange     '1.8.0',
324 silly addNameRange     '1.9.0',
324 silly addNameRange     '1.9.1',
324 silly addNameRange     '2.0.0',
324 silly addNameRange     '2.1.0',
324 silly addNameRange     '2.1.1',
324 silly addNameRange     '2.1.2',
324 silly addNameRange     '3.0.0',
324 silly addNameRange     '3.1.0',
324 silly addNameRange     '4.0.0' ] ]
325 silly addNamed serialize-javascript@4.0.0
326 verbose addNamed "4.0.0" is a plain semver version for serialize-javascript
327 silly cache afterAdd find-cache-dir@3.3.1
328 verbose afterAdd /home/stephen/.npm/find-cache-dir/3.3.1/package/package.json not in flight; writing
329 silly mapToRegistry name serialize-javascript
330 silly mapToRegistry using default registry
331 silly mapToRegistry registry https://registry.npmjs.org/
332 silly mapToRegistry uri https://registry.npmjs.org/serialize-javascript
333 verbose addRemoteTarball https://registry.npmjs.org/serialize-javascript/-/serialize-javascript-4.0.0.tgz not in flight; adding
334 verbose addRemoteTarball [ 'https://registry.npmjs.org/serialize-javascript/-/serialize-javascript-4.0.0.tgz',
334 verbose addRemoteTarball   'b525e1238489a5ecfc42afacc3fe99e666f4b1aa' ]
335 silly resolveWithNewModule source-map@0.6.1 checking installable status
336 silly cache add args [ 'source-map@^0.6.1', null ]
337 verbose cache add spec source-map@^0.6.1
338 silly cache add parsed spec Result {
338 silly cache add   raw: 'source-map@^0.6.1',
338 silly cache add   scope: null,
338 silly cache add   name: 'source-map',
338 silly cache add   rawSpec: '^0.6.1',
338 silly cache add   spec: '>=0.6.1 <0.7.0',
338 silly cache add   type: 'range' }
339 silly addNamed source-map@>=0.6.1 <0.7.0
340 verbose addNamed ">=0.6.1 <0.7.0" is a valid semver range for source-map
341 silly addNameRange { name: 'source-map', range: '>=0.6.1 <0.7.0', hasData: false }
342 silly mapToRegistry name source-map
343 silly mapToRegistry using default registry
344 silly mapToRegistry registry https://registry.npmjs.org/
345 silly mapToRegistry uri https://registry.npmjs.org/source-map
346 verbose addNameRange registry:https://registry.npmjs.org/source-map not in flight; fetching
347 info retry fetch attempt 1 at 9:06:55 AM
348 info attempt registry request try #1 at 9:06:55 AM
349 http fetch GET https://registry.npmjs.org/serialize-javascript/-/serialize-javascript-4.0.0.tgz
350 silly cache afterAdd schema-utils@2.7.0
351 verbose afterAdd /home/stephen/.npm/schema-utils/2.7.0/package/package.json not in flight; writing
352 verbose afterAdd /home/stephen/.npm/find-cache-dir/3.3.1/package/package.json written
353 verbose stack Error: Missing required argument #1
353 verbose stack     at andLogAndFinish (/usr/share/npm/lib/fetch-package-metadata.js:31:3)
353 verbose stack     at fetchPackageMetadata (/usr/share/npm/lib/fetch-package-metadata.js:51:22)
353 verbose stack     at resolveWithNewModule (/usr/share/npm/lib/install/deps.js:456:12)
353 verbose stack     at /usr/share/npm/lib/install/deps.js:457:7
353 verbose stack     at /usr/share/npm/node_modules/iferr/index.js:13:50
353 verbose stack     at /usr/share/npm/lib/fetch-package-metadata.js:37:12
353 verbose stack     at addRequestedAndFinish (/usr/share/npm/lib/fetch-package-metadata.js:82:5)
353 verbose stack     at returnAndAddMetadata (/usr/share/npm/lib/fetch-package-metadata.js:117:7)
353 verbose stack     at pickVersionFromRegistryDocument (/usr/share/npm/lib/fetch-package-metadata.js:134:20)
353 verbose stack     at /usr/share/npm/node_modules/iferr/index.js:13:50
354 verbose cwd /home/stephen/Documents/code/speed-reading/reading_project/extension
355 error Linux 4.15.0-112-generic
356 error argv "/usr/bin/node" "/usr/bin/npm" "install" "terser-webpack-plugin" "--save-dev"
357 error node v8.10.0
358 error npm  v3.5.2
359 error code EMISSINGARG
360 error typeerror Error: Missing required argument #1
360 error typeerror     at andLogAndFinish (/usr/share/npm/lib/fetch-package-metadata.js:31:3)
360 error typeerror     at fetchPackageMetadata (/usr/share/npm/lib/fetch-package-metadata.js:51:22)
360 error typeerror     at resolveWithNewModule (/usr/share/npm/lib/install/deps.js:456:12)
360 error typeerror     at /usr/share/npm/lib/install/deps.js:457:7
360 error typeerror     at /usr/share/npm/node_modules/iferr/index.js:13:50
360 error typeerror     at /usr/share/npm/lib/fetch-package-metadata.js:37:12
360 error typeerror     at addRequestedAndFinish (/usr/share/npm/lib/fetch-package-metadata.js:82:5)
360 error typeerror     at returnAndAddMetadata (/usr/share/npm/lib/fetch-package-metadata.js:117:7)
360 error typeerror     at pickVersionFromRegistryDocument (/usr/share/npm/lib/fetch-package-metadata.js:134:20)
360 error typeerror     at /usr/share/npm/node_modules/iferr/index.js:13:50
361 error typeerror This is an error with npm itself. Please report this error at:
361 error typeerror     <http://github.com/npm/npm/issues>
362 verbose exit [ 1, true ]
